2025-07-07 13:28:27,848 - INFO - Loading JSON file...
2025-07-07 13:28:28,182 - ERROR - Error parsing JSON: Expecting property name enclosed in double quotes: line 136212 column 30 (char 5902502)
2025-07-07 13:30:50,141 - INFO - Loading JSON file...
2025-07-07 13:30:50,361 - ERROR - Error parsing JSON: Expecting property name enclosed in double quotes: line 136212 column 30 (char 5902502)
2025-07-07 14:21:43,103 - INFO - Loading JSON file...
2025-07-07 14:21:43,780 - INFO - Successfully loaded 52976 items
2025-07-07 14:21:43,781 - INFO - Processed 1000 items...
2025-07-07 14:21:43,790 - INFO - Processed 2000 items...
2025-07-07 14:21:43,841 - INFO - Processed 3000 items...
2025-07-07 14:21:43,902 - INFO - Processed 4000 items...
2025-07-07 14:21:43,992 - INFO - Processed 5000 items...
2025-07-07 14:21:44,106 - INFO - Processed 6000 items...
2025-07-07 14:21:44,233 - INFO - Processed 7000 items...
2025-07-07 14:21:44,371 - INFO - Processed 8000 items...
2025-07-07 14:21:44,536 - INFO - Processed 9000 items...
2025-07-07 14:21:44,710 - INFO - Processed 10000 items...
2025-07-07 14:21:44,912 - INFO - Processed 11000 items...
2025-07-07 14:21:45,137 - INFO - Processed 12000 items...
2025-07-07 14:21:45,378 - INFO - Processed 13000 items...
2025-07-07 14:21:45,609 - INFO - Processed 14000 items...
2025-07-07 14:21:45,849 - INFO - Processed 15000 items...
2025-07-07 14:21:46,121 - INFO - Processed 16000 items...
2025-07-07 14:21:46,415 - INFO - Processed 17000 items...
2025-07-07 14:21:46,721 - INFO - Processed 18000 items...
2025-07-07 14:21:47,044 - INFO - Processed 19000 items...
2025-07-07 14:21:47,391 - INFO - Processed 20000 items...
2025-07-07 14:21:47,771 - INFO - Processed 21000 items...
2025-07-07 14:21:48,152 - INFO - Processed 22000 items...
2025-07-07 14:21:48,563 - INFO - Processed 23000 items...
2025-07-07 14:21:48,988 - INFO - Processed 24000 items...
2025-07-07 14:21:49,451 - INFO - Processed 25000 items...
2025-07-07 14:21:49,992 - INFO - Processed 26000 items...
2025-07-07 14:21:50,486 - INFO - Processed 27000 items...
2025-07-07 14:21:51,021 - INFO - Processed 28000 items...
2025-07-07 14:21:51,587 - INFO - Processed 29000 items...
2025-07-07 14:21:52,497 - INFO - Processed 30000 items...
2025-07-07 14:21:53,279 - INFO - Processed 31000 items...
2025-07-07 14:21:53,931 - INFO - Processed 32000 items...
2025-07-07 14:21:54,530 - INFO - Processed 33000 items...
2025-07-07 14:21:55,200 - INFO - Processed 34000 items...
2025-07-07 14:21:55,803 - INFO - Processed 35000 items...
2025-07-07 14:21:56,459 - INFO - Processed 36000 items...
2025-07-07 14:21:57,098 - INFO - Processed 37000 items...
2025-07-07 14:21:57,788 - INFO - Processed 38000 items...
2025-07-07 14:21:58,508 - INFO - Processed 39000 items...
2025-07-07 14:21:59,247 - INFO - Processed 40000 items...
2025-07-07 14:22:00,129 - INFO - Processed 41000 items...
2025-07-07 14:22:00,984 - INFO - Processed 42000 items...
2025-07-07 14:22:01,938 - INFO - Processed 43000 items...
2025-07-07 14:22:02,829 - INFO - Processed 44000 items...
2025-07-07 14:22:03,708 - INFO - Processed 45000 items...
2025-07-07 14:22:04,558 - INFO - Processed 46000 items...
2025-07-07 14:22:05,780 - INFO - Processed 47000 items...
2025-07-07 14:22:06,819 - INFO - Processed 48000 items...
2025-07-07 14:22:07,881 - INFO - Processed 49000 items...
2025-07-07 14:22:08,947 - INFO - Processed 50000 items...
2025-07-07 14:22:10,262 - INFO - Processed 51000 items...
2025-07-07 14:22:11,268 - INFO - Processed 52000 items...
2025-07-07 14:22:12,374 - INFO - Processed 52976 items total
2025-07-07 14:22:12,374 - INFO - Removing URLs...
2025-07-07 14:22:12,495 - INFO - Extracting words...
2025-07-07 14:22:13,438 - INFO - Finding missing words...
2025-07-07 14:22:13,454 - INFO - 14409 unique BCAN-specific words written to bcan_missing_words.txt
2025-07-07 14:22:13,454 - INFO - Total unique words found: 22917
2025-07-07 14:22:13,692 - INFO - Custom corpus created with 248786 words.
2025-07-07 14:29:18,805 - INFO - Loading JSON file...
2025-07-07 14:29:19,558 - INFO - Successfully loaded 52976 items
2025-07-07 14:29:19,560 - INFO - Processed 1000 items...
2025-07-07 14:29:19,570 - INFO - Processed 2000 items...
2025-07-07 14:29:19,621 - INFO - Processed 3000 items...
2025-07-07 14:29:19,692 - INFO - Processed 4000 items...
2025-07-07 14:29:19,783 - INFO - Processed 5000 items...
2025-07-07 14:29:19,922 - INFO - Processed 6000 items...
2025-07-07 14:29:20,104 - INFO - Processed 7000 items...
2025-07-07 14:29:20,271 - INFO - Processed 8000 items...
2025-07-07 14:29:20,468 - INFO - Processed 9000 items...
2025-07-07 14:29:20,669 - INFO - Processed 10000 items...
2025-07-07 14:29:20,916 - INFO - Processed 11000 items...
2025-07-07 14:29:21,178 - INFO - Processed 12000 items...
2025-07-07 14:29:21,490 - INFO - Processed 13000 items...
2025-07-07 14:29:21,802 - INFO - Processed 14000 items...
2025-07-07 14:29:22,167 - INFO - Processed 15000 items...
2025-07-07 14:29:22,529 - INFO - Processed 16000 items...
2025-07-07 14:29:22,942 - INFO - Processed 17000 items...
2025-07-07 14:29:23,431 - INFO - Processed 18000 items...
2025-07-07 14:29:23,856 - INFO - Processed 19000 items...
2025-07-07 14:29:24,286 - INFO - Processed 20000 items...
2025-07-07 14:29:24,908 - INFO - Processed 21000 items...
2025-07-07 14:29:25,473 - INFO - Processed 22000 items...
2025-07-07 14:29:26,274 - INFO - Processed 23000 items...
2025-07-07 14:29:27,189 - INFO - Processed 24000 items...
2025-07-07 14:29:28,047 - INFO - Processed 25000 items...
2025-07-07 14:29:28,811 - INFO - Processed 26000 items...
2025-07-07 14:29:29,517 - INFO - Processed 27000 items...
2025-07-07 14:29:30,180 - INFO - Processed 28000 items...
2025-07-07 14:29:30,847 - INFO - Processed 29000 items...
2025-07-07 14:29:31,533 - INFO - Processed 30000 items...
2025-07-07 14:29:32,290 - INFO - Processed 31000 items...
2025-07-07 14:29:33,064 - INFO - Processed 32000 items...
2025-07-07 14:29:33,890 - INFO - Processed 33000 items...
2025-07-07 14:29:34,849 - INFO - Processed 34000 items...
2025-07-07 14:29:35,787 - INFO - Processed 35000 items...
2025-07-07 14:29:36,723 - INFO - Processed 36000 items...
2025-07-07 14:29:37,647 - INFO - Processed 37000 items...
2025-07-07 14:29:38,608 - INFO - Processed 38000 items...
2025-07-07 14:29:39,603 - INFO - Processed 39000 items...
2025-07-07 14:29:40,607 - INFO - Processed 40000 items...
2025-07-07 14:29:41,794 - INFO - Processed 41000 items...
2025-07-07 14:29:42,823 - INFO - Processed 42000 items...
2025-07-07 14:29:43,995 - INFO - Processed 43000 items...
2025-07-07 14:29:45,174 - INFO - Processed 44000 items...
2025-07-07 14:29:46,252 - INFO - Processed 45000 items...
2025-07-07 14:29:47,280 - INFO - Processed 46000 items...
2025-07-07 14:29:48,435 - INFO - Processed 47000 items...
2025-07-07 14:29:49,533 - INFO - Processed 48000 items...
2025-07-07 14:29:50,591 - INFO - Processed 49000 items...
2025-07-07 14:29:51,733 - INFO - Processed 50000 items...
2025-07-07 14:29:53,103 - INFO - Processed 51000 items...
2025-07-07 14:29:54,478 - INFO - Processed 52000 items...
2025-07-07 14:29:55,928 - INFO - Processed 52976 items total
2025-07-07 14:29:55,928 - INFO - Removing URLs...
2025-07-07 14:29:56,084 - INFO - Extracting words...
2025-07-07 14:29:56,966 - INFO - Finding missing words...
2025-07-07 14:29:56,985 - INFO - 14409 unique BCAN-specific words written to bcan_missing_words.txt
2025-07-07 14:29:56,985 - INFO - Total unique words found: 22917
2025-07-07 14:29:57,207 - INFO - Custom corpus created with 248786 words.
2025-07-07 14:36:08,585 - INFO - Loading JSON file...
2025-07-07 14:36:09,260 - INFO - Successfully loaded 52976 items
2025-07-07 14:36:09,262 - INFO - Processed 1000 items...
2025-07-07 14:36:09,273 - INFO - Processed 2000 items...
2025-07-07 14:36:09,346 - INFO - Processed 3000 items...
2025-07-07 14:36:09,435 - INFO - Processed 4000 items...
2025-07-07 14:36:09,544 - INFO - Processed 5000 items...
2025-07-07 14:36:09,676 - INFO - Processed 6000 items...
2025-07-07 14:36:09,819 - INFO - Processed 7000 items...
2025-07-07 14:36:09,961 - INFO - Processed 8000 items...
2025-07-07 14:36:10,125 - INFO - Processed 9000 items...
2025-07-07 14:36:10,291 - INFO - Processed 10000 items...
2025-07-07 14:36:10,493 - INFO - Processed 11000 items...
2025-07-07 14:36:10,703 - INFO - Processed 12000 items...
2025-07-07 14:36:10,940 - INFO - Processed 13000 items...
2025-07-07 14:36:11,203 - INFO - Processed 14000 items...
2025-07-07 14:36:11,475 - INFO - Processed 15000 items...
2025-07-07 14:36:11,762 - INFO - Processed 16000 items...
2025-07-07 14:36:12,092 - INFO - Processed 17000 items...
2025-07-07 14:36:12,411 - INFO - Processed 18000 items...
2025-07-07 14:36:12,855 - INFO - Processed 19000 items...
2025-07-07 14:36:13,207 - INFO - Processed 20000 items...
2025-07-07 14:36:13,610 - INFO - Processed 21000 items...
2025-07-07 14:36:14,005 - INFO - Processed 22000 items...
2025-07-07 14:36:14,463 - INFO - Processed 23000 items...
2025-07-07 14:36:14,911 - INFO - Processed 24000 items...
2025-07-07 14:36:15,389 - INFO - Processed 25000 items...
2025-07-07 14:36:15,863 - INFO - Processed 26000 items...
2025-07-07 14:36:16,351 - INFO - Processed 27000 items...
2025-07-07 14:36:16,938 - INFO - Processed 28000 items...
2025-07-07 14:36:17,471 - INFO - Processed 29000 items...
2025-07-07 14:36:18,197 - INFO - Processed 30000 items...
2025-07-07 14:36:18,858 - INFO - Processed 31000 items...
2025-07-07 14:36:19,612 - INFO - Processed 32000 items...
2025-07-07 14:36:20,279 - INFO - Processed 33000 items...
2025-07-07 14:36:20,916 - INFO - Processed 34000 items...
2025-07-07 14:36:21,587 - INFO - Processed 35000 items...
2025-07-07 14:36:22,387 - INFO - Processed 36000 items...
2025-07-07 14:36:23,145 - INFO - Processed 37000 items...
2025-07-07 14:36:23,836 - INFO - Processed 38000 items...
2025-07-07 14:36:24,530 - INFO - Processed 39000 items...
2025-07-07 14:36:25,230 - INFO - Processed 40000 items...
2025-07-07 14:36:25,998 - INFO - Processed 41000 items...
2025-07-07 14:36:26,745 - INFO - Processed 42000 items...
2025-07-07 14:36:27,591 - INFO - Processed 43000 items...
2025-07-07 14:36:28,542 - INFO - Processed 44000 items...
2025-07-07 14:36:29,524 - INFO - Processed 45000 items...
2025-07-07 14:36:30,428 - INFO - Processed 46000 items...
2025-07-07 14:36:31,280 - INFO - Processed 47000 items...
2025-07-07 14:36:32,361 - INFO - Processed 48000 items...
2025-07-07 14:36:33,251 - INFO - Processed 49000 items...
2025-07-07 14:36:34,232 - INFO - Processed 50000 items...
2025-07-07 14:36:35,327 - INFO - Processed 51000 items...
2025-07-07 14:36:36,282 - INFO - Processed 52000 items...
2025-07-07 14:36:37,240 - INFO - Processed 52976 items total
2025-07-07 14:36:37,240 - INFO - Removing URLs...
2025-07-07 14:36:37,349 - INFO - Extracting words...
2025-07-07 14:36:38,013 - INFO - Finding missing words...
2025-07-07 14:36:38,028 - INFO - 14409 unique BCAN-specific words written to bcan_missing_words.txt
2025-07-07 14:36:38,028 - INFO - Total unique words found: 22917
2025-07-07 14:36:38,223 - INFO - Custom corpus created with 248786 words.
2025-07-07 14:40:01,906 - INFO - Loading JSON file...
2025-07-07 14:40:02,681 - INFO - Successfully loaded 52976 items
2025-07-07 14:40:02,683 - INFO - Processed 1000 items...
2025-07-07 14:40:02,695 - INFO - Processed 2000 items...
2025-07-07 14:40:02,748 - INFO - Processed 3000 items...
2025-07-07 14:40:02,822 - INFO - Processed 4000 items...
2025-07-07 14:40:02,925 - INFO - Processed 5000 items...
2025-07-07 14:40:03,047 - INFO - Processed 6000 items...
2025-07-07 14:40:03,208 - INFO - Processed 7000 items...
2025-07-07 14:40:03,370 - INFO - Processed 8000 items...
2025-07-07 14:40:03,573 - INFO - Processed 9000 items...
2025-07-07 14:40:03,787 - INFO - Processed 10000 items...
2025-07-07 14:40:04,028 - INFO - Processed 11000 items...
2025-07-07 14:40:04,295 - INFO - Processed 12000 items...
2025-07-07 14:40:04,603 - INFO - Processed 13000 items...
2025-07-07 14:40:04,932 - INFO - Processed 14000 items...
2025-07-07 14:40:05,259 - INFO - Processed 15000 items...
2025-07-07 14:40:05,610 - INFO - Processed 16000 items...
2025-07-07 14:40:06,009 - INFO - Processed 17000 items...
2025-07-07 14:40:06,440 - INFO - Processed 18000 items...
2025-07-07 14:40:06,898 - INFO - Processed 19000 items...
2025-07-07 14:40:07,348 - INFO - Processed 20000 items...
2025-07-07 14:40:07,889 - INFO - Processed 21000 items...
2025-07-07 14:40:08,412 - INFO - Processed 22000 items...
2025-07-07 14:40:08,975 - INFO - Processed 23000 items...
2025-07-07 14:40:09,562 - INFO - Processed 24000 items...
2025-07-07 14:40:10,196 - INFO - Processed 25000 items...
2025-07-07 14:40:10,825 - INFO - Processed 26000 items...
2025-07-07 14:40:11,450 - INFO - Processed 27000 items...
2025-07-07 14:40:12,160 - INFO - Processed 28000 items...
2025-07-07 14:40:12,883 - INFO - Processed 29000 items...
2025-07-07 14:40:13,615 - INFO - Processed 30000 items...
2025-07-07 14:40:14,423 - INFO - Processed 31000 items...
2025-07-07 14:40:15,240 - INFO - Processed 32000 items...
2025-07-07 14:40:15,927 - INFO - Processed 33000 items...
2025-07-07 14:40:16,661 - INFO - Processed 34000 items...
2025-07-07 14:40:17,399 - INFO - Processed 35000 items...
2025-07-07 14:40:18,228 - INFO - Processed 36000 items...
2025-07-07 14:40:19,094 - INFO - Processed 37000 items...
2025-07-07 14:40:20,050 - INFO - Processed 38000 items...
2025-07-07 14:40:21,159 - INFO - Processed 39000 items...
2025-07-07 14:40:22,602 - INFO - Processed 40000 items...
2025-07-07 14:40:23,722 - INFO - Processed 41000 items...
2025-07-07 14:40:24,919 - INFO - Processed 42000 items...
2025-07-07 14:40:26,109 - INFO - Processed 43000 items...
2025-07-07 14:40:27,285 - INFO - Processed 44000 items...
2025-07-07 14:40:28,387 - INFO - Processed 45000 items...
2025-07-07 14:40:29,652 - INFO - Processed 46000 items...
2025-07-07 14:40:30,907 - INFO - Processed 47000 items...
2025-07-07 14:40:32,057 - INFO - Processed 48000 items...
2025-07-07 14:40:33,192 - INFO - Processed 49000 items...
2025-07-07 14:40:34,447 - INFO - Processed 50000 items...
2025-07-07 14:40:35,790 - INFO - Processed 51000 items...
2025-07-07 14:40:37,281 - INFO - Processed 52000 items...
2025-07-07 14:40:38,540 - INFO - Processed 52976 items total
2025-07-07 14:40:38,540 - INFO - Removing URLs...
2025-07-07 14:40:38,649 - INFO - Extracting words...
2025-07-07 14:40:39,419 - INFO - Finding missing words...
2025-07-07 14:40:39,437 - INFO - 14409 unique BCAN-specific words written to bcan_missing_words.txt
2025-07-07 14:40:39,437 - INFO - Total unique words found: 22917
2025-07-07 14:40:39,723 - INFO - Custom corpus created with 248786 words.
2025-07-07 14:40:39,792 - INFO - Custom corpus saved to custom_corpus.pkl
2025-07-19 23:23:21,102 - INFO - ==================================================
2025-07-19 23:23:21,102 - INFO - Starting Corpus Creator
2025-07-19 23:23:21,102 - INFO - ==================================================
2025-07-19 23:23:21,102 - INFO - Input file: products.json
2025-07-19 23:23:21,102 - INFO - Output file: product_corpus.pkl
2025-07-19 23:23:21,102 - INFO - Loading data from products.json
2025-07-19 23:23:21,102 - ERROR - File not found: products.json
2025-07-19 23:23:21,102 - ERROR - Corpus Creator failed: [Errno 2] No such file or directory: 'products.json'
2025-07-19 23:23:21,102 - ERROR - ==================================================
2025-07-19 23:27:14,313 - INFO - ==================================================
2025-07-19 23:27:14,314 - INFO - Starting Corpus Creator
2025-07-19 23:27:14,314 - INFO - ==================================================
2025-07-19 23:27:14,314 - INFO - Input file: data/becn_data.json
2025-07-19 23:27:14,314 - INFO - Output file: product_corpus.pkl
2025-07-19 23:27:14,314 - INFO - Loading data from data/becn_data.json
2025-07-19 23:27:15,044 - INFO - Successfully loaded data with 52976 items
2025-07-19 23:27:15,044 - INFO - Starting corpus creation for 52976 products
2025-07-19 23:27:15,345 - INFO - Processed 1000/52976 products (1000 with valid text)
2025-07-19 23:27:15,455 - INFO - Processed 2000/52976 products (2000 with valid text)
2025-07-19 23:27:15,493 - INFO - Processed 3000/52976 products (3000 with valid text)
2025-07-19 23:27:15,509 - INFO - Processed 4000/52976 products (4000 with valid text)
2025-07-19 23:27:15,525 - INFO - Processed 5000/52976 products (5000 with valid text)
2025-07-19 23:27:15,545 - INFO - Processed 6000/52976 products (6000 with valid text)
2025-07-19 23:27:15,557 - INFO - Processed 7000/52976 products (7000 with valid text)
2025-07-19 23:27:15,592 - INFO - Processed 8000/52976 products (8000 with valid text)
2025-07-19 23:27:15,608 - INFO - Processed 9000/52976 products (9000 with valid text)
2025-07-19 23:27:15,626 - INFO - Processed 10000/52976 products (10000 with valid text)
2025-07-19 23:27:15,646 - INFO - Processed 11000/52976 products (11000 with valid text)
2025-07-19 23:27:15,656 - INFO - Processed 12000/52976 products (12000 with valid text)
2025-07-19 23:27:15,687 - INFO - Processed 13000/52976 products (13000 with valid text)
2025-07-19 23:27:15,703 - INFO - Processed 14000/52976 products (14000 with valid text)
2025-07-19 23:27:15,718 - INFO - Processed 15000/52976 products (15000 with valid text)
2025-07-19 23:27:15,747 - INFO - Processed 16000/52976 products (16000 with valid text)
2025-07-19 23:27:15,767 - INFO - Processed 17000/52976 products (17000 with valid text)
2025-07-19 23:27:15,789 - INFO - Processed 18000/52976 products (18000 with valid text)
2025-07-19 23:27:15,808 - INFO - Processed 19000/52976 products (19000 with valid text)
2025-07-19 23:27:15,824 - INFO - Processed 20000/52976 products (20000 with valid text)
2025-07-19 23:27:15,845 - INFO - Processed 21000/52976 products (21000 with valid text)
2025-07-19 23:27:15,855 - INFO - Processed 22000/52976 products (22000 with valid text)
2025-07-19 23:27:15,887 - INFO - Processed 23000/52976 products (23000 with valid text)
2025-07-19 23:27:15,902 - INFO - Processed 24000/52976 products (24000 with valid text)
2025-07-19 23:27:15,965 - INFO - Processed 25000/52976 products (25000 with valid text)
2025-07-19 23:27:15,996 - INFO - Processed 26000/52976 products (26000 with valid text)
2025-07-19 23:27:16,012 - INFO - Processed 27000/52976 products (27000 with valid text)
2025-07-19 23:27:16,027 - INFO - Processed 28000/52976 products (28000 with valid text)
2025-07-19 23:27:16,045 - ERROR - Corpus Creator failed: expected string or bytes-like object
2025-07-19 23:27:16,045 - ERROR - ==================================================
2025-07-19 23:28:49,577 - INFO - ==================================================
2025-07-19 23:28:49,577 - INFO - Starting Corpus Creator
2025-07-19 23:28:49,577 - INFO - ==================================================
2025-07-19 23:28:49,577 - INFO - Input file: data/becn_data.json
2025-07-19 23:28:49,577 - INFO - Output file: product_corpus.pkl
2025-07-19 23:28:49,577 - INFO - Loading data from data/becn_data.json
2025-07-19 23:28:50,315 - INFO - Successfully loaded data with 52976 items
2025-07-19 23:28:50,315 - INFO - Starting corpus creation for 52976 products
2025-07-19 23:28:50,475 - INFO - Processed 1000/52976 products (1000 with valid text)
2025-07-19 23:28:50,488 - INFO - Processed 2000/52976 products (2000 with valid text)
2025-07-19 23:28:50,521 - INFO - Processed 3000/52976 products (3000 with valid text)
2025-07-19 23:28:50,536 - INFO - Processed 4000/52976 products (4000 with valid text)
2025-07-19 23:28:50,567 - INFO - Processed 5000/52976 products (5000 with valid text)
2025-07-19 23:28:50,583 - INFO - Processed 6000/52976 products (6000 with valid text)
2025-07-19 23:28:50,599 - INFO - Processed 7000/52976 products (7000 with valid text)
2025-07-19 23:28:50,630 - INFO - Processed 8000/52976 products (8000 with valid text)
2025-07-19 23:28:50,646 - INFO - Processed 9000/52976 products (9000 with valid text)
2025-07-19 23:28:50,661 - INFO - Processed 10000/52976 products (10000 with valid text)
2025-07-19 23:28:50,696 - INFO - Processed 11000/52976 products (11000 with valid text)
2025-07-19 23:28:50,725 - INFO - Processed 12000/52976 products (12000 with valid text)
2025-07-19 23:28:50,740 - INFO - Processed 13000/52976 products (13000 with valid text)
2025-07-19 23:28:50,771 - INFO - Processed 14000/52976 products (14000 with valid text)
2025-07-19 23:28:50,787 - INFO - Processed 15000/52976 products (15000 with valid text)
2025-07-19 23:28:50,814 - INFO - Processed 16000/52976 products (16000 with valid text)
2025-07-19 23:28:50,835 - INFO - Processed 17000/52976 products (17000 with valid text)
2025-07-19 23:28:50,856 - INFO - Processed 18000/52976 products (18000 with valid text)
2025-07-19 23:28:50,877 - INFO - Processed 19000/52976 products (19000 with valid text)
2025-07-19 23:28:50,903 - INFO - Processed 20000/52976 products (20000 with valid text)
2025-07-19 23:28:50,929 - INFO - Processed 21000/52976 products (21000 with valid text)
2025-07-19 23:28:50,956 - INFO - Processed 22000/52976 products (22000 with valid text)
2025-07-19 23:28:50,976 - INFO - Processed 23000/52976 products (23000 with valid text)
2025-07-19 23:28:50,998 - INFO - Processed 24000/52976 products (24000 with valid text)
2025-07-19 23:28:51,020 - INFO - Processed 25000/52976 products (25000 with valid text)
2025-07-19 23:28:51,042 - INFO - Processed 26000/52976 products (26000 with valid text)
2025-07-19 23:28:51,059 - INFO - Processed 27000/52976 products (27000 with valid text)
2025-07-19 23:28:51,083 - INFO - Processed 28000/52976 products (28000 with valid text)
2025-07-19 23:28:51,115 - INFO - Processed 29000/52976 products (29000 with valid text)
2025-07-19 23:28:51,130 - INFO - Processed 30000/52976 products (30000 with valid text)
2025-07-19 23:28:51,162 - INFO - Processed 31000/52976 products (31000 with valid text)
2025-07-19 23:28:51,177 - INFO - Processed 32000/52976 products (32000 with valid text)
2025-07-19 23:28:51,209 - INFO - Processed 33000/52976 products (33000 with valid text)
2025-07-19 23:28:51,225 - INFO - Processed 34000/52976 products (34000 with valid text)
2025-07-19 23:28:51,240 - INFO - Processed 35000/52976 products (35000 with valid text)
2025-07-19 23:28:51,274 - INFO - Processed 36000/52976 products (36000 with valid text)
2025-07-19 23:28:51,335 - INFO - Processed 37000/52976 products (37000 with valid text)
2025-07-19 23:28:51,365 - INFO - Processed 38000/52976 products (38000 with valid text)
2025-07-19 23:28:51,380 - INFO - Processed 39000/52976 products (39000 with valid text)
2025-07-19 23:28:51,396 - INFO - Processed 40000/52976 products (40000 with valid text)
2025-07-19 23:28:51,415 - INFO - Processed 41000/52976 products (41000 with valid text)
2025-07-19 23:28:51,444 - INFO - Processed 42000/52976 products (42000 with valid text)
2025-07-19 23:28:51,475 - INFO - Processed 43000/52976 products (43000 with valid text)
2025-07-19 23:28:51,491 - INFO - Processed 44000/52976 products (44000 with valid text)
2025-07-19 23:28:51,515 - INFO - Processed 45000/52976 products (45000 with valid text)
2025-07-19 23:28:51,522 - INFO - Processed 46000/52976 products (46000 with valid text)
2025-07-19 23:28:51,554 - INFO - Processed 47000/52976 products (47000 with valid text)
2025-07-19 23:28:51,570 - INFO - Processed 48000/52976 products (48000 with valid text)
2025-07-19 23:28:51,585 - INFO - Processed 49000/52976 products (49000 with valid text)
2025-07-19 23:28:51,616 - INFO - Processed 50000/52976 products (50000 with valid text)
2025-07-19 23:28:51,633 - INFO - Processed 51000/52976 products (51000 with valid text)
2025-07-19 23:28:51,649 - INFO - Processed 52000/52976 products (52000 with valid text)
2025-07-19 23:28:51,665 - INFO - Corpus creation completed. 52976/52976 products processed successfully
2025-07-19 23:28:51,665 - INFO - Field usage statistics:
2025-07-19 23:28:51,744 - INFO -   Brand: 52976/52976 products (100.0%)
2025-07-19 23:28:51,744 - INFO -   ProductTitle: 52976/52976 products (100.0%)
2025-07-19 23:28:51,744 - INFO -   ProductDescription: 27777/52976 products (52.4%)
2025-07-19 23:28:51,744 - INFO -   Length: 20449/52976 products (38.6%)
2025-07-19 23:28:51,744 - INFO -   ProductAttributes: 17984/52976 products (33.9%)
2025-07-19 23:28:51,744 - INFO -   Thickness: 13506/52976 products (25.5%)
2025-07-19 23:28:51,744 - INFO -   Weight: 12464/52976 products (23.5%)
2025-07-19 23:28:51,744 - INFO -   Width: 12404/52976 products (23.4%)
2025-07-19 23:28:51,744 - INFO -   Dimensions: 8553/52976 products (16.1%)
2025-07-19 23:28:51,744 - INFO -   Area: 3119/52976 products (5.9%)
2025-07-19 23:28:51,744 - INFO -   Pieces per Bundle: 948/52976 products (1.8%)
2025-07-19 23:28:51,744 - INFO - Saving corpus to product_corpus.pkl
2025-07-19 23:28:52,652 - INFO - Successfully saved corpus with 52976 documents to product_corpus.pkl
2025-07-19 23:28:52,718 - INFO - ==================================================
2025-07-19 23:28:52,808 - INFO - Corpus Creator completed successfully
2025-07-19 23:28:52,808 - INFO - ==================================================
