2025-07-21 00:22:21,016 - INFO - Loading CSV file: output/spacy_training_data.csv
2025-07-21 00:22:21,171 - INFO - Loaded 30000 rows from CSV.
2025-07-21 00:22:21,171 - INFO - Converting stringified label lists to actual lists...
2025-07-21 00:22:21,877 - INFO - Label conversion complete.
2025-07-21 00:22:21,877 - INFO - Splitting data into train and test sets...
2025-07-21 00:22:21,893 - INFO - Train size: 24000; Test size: 6000
2025-07-21 00:22:26,969 - INFO - Converting 24000 records to DocBin and saving to training/train.spacy...
2025-07-21 00:22:27,049 - INFO - Processed 100 documents...
2025-07-21 00:22:27,104 - INFO - Processed 200 documents...
2025-07-21 00:22:27,165 - INFO - Processed 300 documents...
2025-07-21 00:22:27,219 - INFO - Processed 400 documents...
2025-07-21 00:22:27,273 - INFO - Processed 500 documents...
2025-07-21 00:22:27,328 - INFO - Processed 600 documents...
2025-07-21 00:22:27,368 - INFO - Processed 700 documents...
2025-07-21 00:22:27,411 - INFO - Processed 800 documents...
2025-07-21 00:22:27,451 - INFO - Processed 900 documents...
2025-07-21 00:22:27,489 - INFO - Processed 1000 documents...
2025-07-21 00:22:27,527 - INFO - Processed 1100 documents...
2025-07-21 00:22:27,578 - INFO - Processed 1200 documents...
2025-07-21 00:22:27,625 - INFO - Processed 1300 documents...
2025-07-21 00:22:27,668 - INFO - Processed 1400 documents...
2025-07-21 00:22:27,709 - INFO - Processed 1500 documents...
2025-07-21 00:22:27,741 - INFO - Processed 1600 documents...
2025-07-21 00:22:27,775 - INFO - Processed 1700 documents...
2025-07-21 00:22:27,805 - INFO - Processed 1800 documents...
2025-07-21 00:22:27,837 - INFO - Processed 1900 documents...
2025-07-21 00:22:27,876 - INFO - Processed 2000 documents...
2025-07-21 00:22:27,903 - INFO - Processed 2100 documents...
2025-07-21 00:22:27,941 - INFO - Processed 2200 documents...
2025-07-21 00:22:27,975 - INFO - Processed 2300 documents...
2025-07-21 00:22:28,004 - INFO - Processed 2400 documents...
2025-07-21 00:22:28,053 - INFO - Processed 2500 documents...
2025-07-21 00:22:28,103 - INFO - Processed 2600 documents...
2025-07-21 00:22:28,152 - INFO - Processed 2700 documents...
2025-07-21 00:22:28,282 - INFO - Processed 2800 documents...
2025-07-21 00:22:28,369 - INFO - Processed 2900 documents...
2025-07-21 00:22:28,410 - INFO - Processed 3000 documents...
2025-07-21 00:22:28,458 - INFO - Processed 3100 documents...
2025-07-21 00:22:28,487 - INFO - Processed 3200 documents...
2025-07-21 00:22:28,535 - INFO - Processed 3300 documents...
2025-07-21 00:22:28,569 - INFO - Processed 3400 documents...
2025-07-21 00:22:28,635 - INFO - Processed 3500 documents...
2025-07-21 00:22:28,670 - INFO - Processed 3600 documents...
2025-07-21 00:22:28,716 - INFO - Processed 3700 documents...
2025-07-21 00:22:28,758 - INFO - Processed 3800 documents...
2025-07-21 00:22:28,808 - INFO - Processed 3900 documents...
2025-07-21 00:22:28,854 - INFO - Processed 4000 documents...
2025-07-21 00:22:28,908 - INFO - Processed 4100 documents...
2025-07-21 00:22:28,936 - INFO - Processed 4200 documents...
2025-07-21 00:22:28,987 - INFO - Processed 4300 documents...
2025-07-21 00:22:29,021 - INFO - Processed 4400 documents...
2025-07-21 00:22:29,049 - INFO - Processed 4500 documents...
2025-07-21 00:22:29,087 - INFO - Processed 4600 documents...
2025-07-21 00:22:29,124 - INFO - Processed 4700 documents...
2025-07-21 00:22:29,158 - INFO - Processed 4800 documents...
2025-07-21 00:22:29,205 - INFO - Processed 4900 documents...
2025-07-21 00:22:29,242 - INFO - Processed 5000 documents...
2025-07-21 00:22:29,282 - INFO - Processed 5100 documents...
2025-07-21 00:22:29,319 - INFO - Processed 5200 documents...
2025-07-21 00:22:29,374 - INFO - Processed 5300 documents...
2025-07-21 00:22:29,424 - INFO - Processed 5400 documents...
2025-07-21 00:22:29,466 - INFO - Processed 5500 documents...
2025-07-21 00:22:29,515 - INFO - Processed 5600 documents...
2025-07-21 00:22:29,563 - INFO - Processed 5700 documents...
2025-07-21 00:22:29,617 - INFO - Processed 5800 documents...
2025-07-21 00:22:29,667 - INFO - Processed 5900 documents...
2025-07-21 00:22:29,717 - INFO - Processed 6000 documents...
2025-07-21 00:22:29,757 - INFO - Processed 6100 documents...
2025-07-21 00:22:29,785 - INFO - Processed 6200 documents...
2025-07-21 00:22:29,819 - INFO - Processed 6300 documents...
2025-07-21 00:22:29,857 - INFO - Processed 6400 documents...
2025-07-21 00:22:29,892 - INFO - Processed 6500 documents...
2025-07-21 00:22:29,923 - INFO - Processed 6600 documents...
2025-07-21 00:22:29,967 - INFO - Processed 6700 documents...
2025-07-21 00:22:30,001 - INFO - Processed 6800 documents...
2025-07-21 00:22:30,025 - INFO - Processed 6900 documents...
2025-07-21 00:22:30,069 - INFO - Processed 7000 documents...
2025-07-21 00:22:30,102 - INFO - Processed 7100 documents...
2025-07-21 00:22:30,149 - INFO - Processed 7200 documents...
2025-07-21 00:22:30,173 - INFO - Processed 7300 documents...
2025-07-21 00:22:30,206 - INFO - Processed 7400 documents...
2025-07-21 00:22:30,235 - INFO - Processed 7500 documents...
2025-07-21 00:22:30,257 - INFO - Processed 7600 documents...
2025-07-21 00:22:30,291 - INFO - Processed 7700 documents...
2025-07-21 00:22:30,323 - INFO - Processed 7800 documents...
2025-07-21 00:22:30,355 - INFO - Processed 7900 documents...
2025-07-21 00:22:30,387 - INFO - Processed 8000 documents...
2025-07-21 00:22:30,426 - INFO - Processed 8100 documents...
2025-07-21 00:22:30,458 - INFO - Processed 8200 documents...
2025-07-21 00:22:30,489 - INFO - Processed 8300 documents...
2025-07-21 00:22:30,523 - INFO - Processed 8400 documents...
2025-07-21 00:22:30,551 - INFO - Processed 8500 documents...
2025-07-21 00:22:30,601 - INFO - Processed 8600 documents...
2025-07-21 00:22:30,633 - INFO - Processed 8700 documents...
2025-07-21 00:22:30,672 - INFO - Processed 8800 documents...
2025-07-21 00:22:30,702 - INFO - Processed 8900 documents...
2025-07-21 00:22:30,738 - INFO - Processed 9000 documents...
2025-07-21 00:22:30,773 - INFO - Processed 9100 documents...
2025-07-21 00:22:30,807 - INFO - Processed 9200 documents...
2025-07-21 00:22:30,850 - INFO - Processed 9300 documents...
2025-07-21 00:22:30,888 - INFO - Processed 9400 documents...
2025-07-21 00:22:30,915 - INFO - Processed 9500 documents...
2025-07-21 00:22:30,941 - INFO - Processed 9600 documents...
2025-07-21 00:22:30,968 - INFO - Processed 9700 documents...
2025-07-21 00:22:31,007 - INFO - Processed 9800 documents...
2025-07-21 00:22:31,041 - INFO - Processed 9900 documents...
2025-07-21 00:22:31,081 - INFO - Processed 10000 documents...
2025-07-21 00:22:31,118 - INFO - Processed 10100 documents...
2025-07-21 00:22:31,156 - INFO - Processed 10200 documents...
2025-07-21 00:22:31,184 - INFO - Processed 10300 documents...
2025-07-21 00:22:31,223 - INFO - Processed 10400 documents...
2025-07-21 00:22:31,251 - INFO - Processed 10500 documents...
2025-07-21 00:22:31,285 - INFO - Processed 10600 documents...
2025-07-21 00:22:31,315 - INFO - Processed 10700 documents...
2025-07-21 00:22:31,351 - INFO - Processed 10800 documents...
2025-07-21 00:22:31,381 - INFO - Processed 10900 documents...
2025-07-21 00:22:31,414 - INFO - Processed 11000 documents...
2025-07-21 00:22:31,447 - INFO - Processed 11100 documents...
2025-07-21 00:22:31,482 - INFO - Processed 11200 documents...
2025-07-21 00:22:31,506 - INFO - Processed 11300 documents...
2025-07-21 00:22:31,538 - INFO - Processed 11400 documents...
2025-07-21 00:22:31,573 - INFO - Processed 11500 documents...
2025-07-21 00:22:31,610 - INFO - Processed 11600 documents...
2025-07-21 00:22:31,654 - INFO - Processed 11700 documents...
2025-07-21 00:22:31,691 - INFO - Processed 11800 documents...
2025-07-21 00:22:31,721 - INFO - Processed 11900 documents...
2025-07-21 00:22:31,772 - INFO - Processed 12000 documents...
2025-07-21 00:22:31,798 - INFO - Processed 12100 documents...
2025-07-21 00:22:31,837 - INFO - Processed 12200 documents...
2025-07-21 00:22:31,889 - INFO - Processed 12300 documents...
2025-07-21 00:22:31,937 - INFO - Processed 12400 documents...
2025-07-21 00:22:31,971 - INFO - Processed 12500 documents...
2025-07-21 00:22:32,010 - INFO - Processed 12600 documents...
2025-07-21 00:22:32,059 - INFO - Processed 12700 documents...
2025-07-21 00:22:32,105 - INFO - Processed 12800 documents...
2025-07-21 00:22:32,143 - INFO - Processed 12900 documents...
2025-07-21 00:22:32,180 - INFO - Processed 13000 documents...
2025-07-21 00:22:32,222 - INFO - Processed 13100 documents...
2025-07-21 00:22:32,253 - INFO - Processed 13200 documents...
2025-07-21 00:22:32,273 - INFO - Processed 13300 documents...
2025-07-21 00:22:32,306 - INFO - Processed 13400 documents...
2025-07-21 00:22:32,333 - INFO - Processed 13500 documents...
2025-07-21 00:22:32,364 - INFO - Processed 13600 documents...
2025-07-21 00:22:32,389 - INFO - Processed 13700 documents...
2025-07-21 00:22:32,422 - INFO - Processed 13800 documents...
2025-07-21 00:22:32,448 - INFO - Processed 13900 documents...
2025-07-21 00:22:32,473 - INFO - Processed 14000 documents...
2025-07-21 00:22:32,501 - INFO - Processed 14100 documents...
2025-07-21 00:22:32,535 - INFO - Processed 14200 documents...
2025-07-21 00:22:32,570 - INFO - Processed 14300 documents...
2025-07-21 00:22:32,600 - INFO - Processed 14400 documents...
2025-07-21 00:22:32,635 - INFO - Processed 14500 documents...
2025-07-21 00:22:32,665 - INFO - Processed 14600 documents...
2025-07-21 00:22:32,689 - INFO - Processed 14700 documents...
2025-07-21 00:22:32,719 - INFO - Processed 14800 documents...
2025-07-21 00:22:32,739 - INFO - Processed 14900 documents...
2025-07-21 00:22:32,772 - INFO - Processed 15000 documents...
2025-07-21 00:22:32,797 - INFO - Processed 15100 documents...
2025-07-21 00:22:32,821 - INFO - Processed 15200 documents...
2025-07-21 00:22:32,847 - INFO - Processed 15300 documents...
2025-07-21 00:22:32,871 - INFO - Processed 15400 documents...
2025-07-21 00:22:32,883 - INFO - Processed 15500 documents...
2025-07-21 00:22:32,922 - INFO - Processed 15600 documents...
2025-07-21 00:22:32,954 - INFO - Processed 15700 documents...
2025-07-21 00:22:32,979 - INFO - Processed 15800 documents...
2025-07-21 00:22:33,005 - INFO - Processed 15900 documents...
2025-07-21 00:22:33,022 - INFO - Processed 16000 documents...
2025-07-21 00:22:33,054 - INFO - Processed 16100 documents...
2025-07-21 00:22:33,081 - INFO - Processed 16200 documents...
2025-07-21 00:22:33,105 - INFO - Processed 16300 documents...
2025-07-21 00:22:33,132 - INFO - Processed 16400 documents...
2025-07-21 00:22:33,156 - INFO - Processed 16500 documents...
2025-07-21 00:22:33,179 - INFO - Processed 16600 documents...
2025-07-21 00:22:33,207 - INFO - Processed 16700 documents...
2025-07-21 00:22:33,234 - INFO - Processed 16800 documents...
2025-07-21 00:22:33,256 - INFO - Processed 16900 documents...
2025-07-21 00:22:33,282 - INFO - Processed 17000 documents...
2025-07-21 00:22:33,306 - INFO - Processed 17100 documents...
2025-07-21 00:22:33,332 - INFO - Processed 17200 documents...
2025-07-21 00:22:33,354 - INFO - Processed 17300 documents...
2025-07-21 00:22:33,385 - INFO - Processed 17400 documents...
2025-07-21 00:22:33,404 - INFO - Processed 17500 documents...
2025-07-21 00:22:33,429 - INFO - Processed 17600 documents...
2025-07-21 00:22:33,455 - INFO - Processed 17700 documents...
2025-07-21 00:22:33,486 - INFO - Processed 17800 documents...
2025-07-21 00:22:33,505 - INFO - Processed 17900 documents...
2025-07-21 00:22:33,535 - INFO - Processed 18000 documents...
2025-07-21 00:22:33,554 - INFO - Processed 18100 documents...
2025-07-21 00:22:33,588 - INFO - Processed 18200 documents...
2025-07-21 00:22:33,630 - INFO - Processed 18300 documents...
2025-07-21 00:22:33,655 - INFO - Processed 18400 documents...
2025-07-21 00:22:33,682 - INFO - Processed 18500 documents...
2025-07-21 00:22:33,714 - INFO - Processed 18600 documents...
2025-07-21 00:22:33,738 - INFO - Processed 18700 documents...
2025-07-21 00:22:33,771 - INFO - Processed 18800 documents...
2025-07-21 00:22:33,798 - INFO - Processed 18900 documents...
2025-07-21 00:22:33,816 - INFO - Processed 19000 documents...
2025-07-21 00:22:33,854 - INFO - Processed 19100 documents...
2025-07-21 00:22:33,886 - INFO - Processed 19200 documents...
2025-07-21 00:22:33,912 - INFO - Processed 19300 documents...
2025-07-21 00:22:33,946 - INFO - Processed 19400 documents...
2025-07-21 00:22:33,971 - INFO - Processed 19500 documents...
2025-07-21 00:22:33,999 - INFO - Processed 19600 documents...
2025-07-21 00:22:34,029 - INFO - Processed 19700 documents...
2025-07-21 00:22:34,055 - INFO - Processed 19800 documents...
2025-07-21 00:22:34,082 - INFO - Processed 19900 documents...
2025-07-21 00:22:34,120 - INFO - Processed 20000 documents...
2025-07-21 00:22:34,151 - INFO - Processed 20100 documents...
2025-07-21 00:22:34,171 - INFO - Processed 20200 documents...
2025-07-21 00:22:34,216 - INFO - Processed 20300 documents...
2025-07-21 00:22:34,266 - INFO - Processed 20400 documents...
2025-07-21 00:22:34,298 - INFO - Processed 20500 documents...
2025-07-21 00:22:34,337 - INFO - Processed 20600 documents...
2025-07-21 00:22:34,385 - INFO - Processed 20700 documents...
2025-07-21 00:22:34,423 - INFO - Processed 20800 documents...
2025-07-21 00:22:34,471 - INFO - Processed 20900 documents...
2025-07-21 00:22:34,515 - INFO - Processed 21000 documents...
2025-07-21 00:22:34,554 - INFO - Processed 21100 documents...
2025-07-21 00:22:34,603 - INFO - Processed 21200 documents...
2025-07-21 00:22:34,737 - INFO - Processed 21300 documents...
2025-07-21 00:22:34,784 - INFO - Processed 21400 documents...
2025-07-21 00:22:34,817 - INFO - Processed 21500 documents...
2025-07-21 00:22:34,850 - INFO - Processed 21600 documents...
2025-07-21 00:22:34,880 - INFO - Processed 21700 documents...
2025-07-21 00:22:34,911 - INFO - Processed 21800 documents...
2025-07-21 00:22:34,936 - INFO - Processed 21900 documents...
2025-07-21 00:22:34,970 - INFO - Processed 22000 documents...
2025-07-21 00:22:34,996 - INFO - Processed 22100 documents...
2025-07-21 00:22:35,018 - INFO - Processed 22200 documents...
2025-07-21 00:22:35,051 - INFO - Processed 22300 documents...
2025-07-21 00:22:35,069 - INFO - Processed 22400 documents...
2025-07-21 00:22:35,101 - INFO - Processed 22500 documents...
2025-07-21 00:22:35,120 - INFO - Processed 22600 documents...
2025-07-21 00:22:35,152 - INFO - Processed 22700 documents...
2025-07-21 00:22:35,169 - INFO - Processed 22800 documents...
2025-07-21 00:22:35,200 - INFO - Processed 22900 documents...
2025-07-21 00:22:35,228 - INFO - Processed 23000 documents...
2025-07-21 00:22:35,253 - INFO - Processed 23100 documents...
2025-07-21 00:22:35,278 - INFO - Processed 23200 documents...
2025-07-21 00:22:35,303 - INFO - Processed 23300 documents...
2025-07-21 00:22:35,336 - INFO - Processed 23400 documents...
2025-07-21 00:22:35,365 - INFO - Processed 23500 documents...
2025-07-21 00:22:35,380 - INFO - Processed 23600 documents...
2025-07-21 00:22:35,419 - INFO - Processed 23700 documents...
2025-07-21 00:22:35,451 - INFO - Processed 23800 documents...
2025-07-21 00:22:35,485 - INFO - Processed 23900 documents...
2025-07-21 00:22:35,513 - INFO - Processed 24000 documents...
2025-07-21 00:22:37,030 - INFO - Saved DocBin to training/train.spacy.
2025-07-21 00:22:37,100 - INFO - Converting 6000 records to DocBin and saving to training/dev.spacy...
2025-07-21 00:22:37,137 - INFO - Processed 100 documents...
2025-07-21 00:22:37,184 - INFO - Processed 200 documents...
2025-07-21 00:22:37,221 - INFO - Processed 300 documents...
2025-07-21 00:22:37,267 - INFO - Processed 400 documents...
2025-07-21 00:22:37,301 - INFO - Processed 500 documents...
2025-07-21 00:22:37,349 - INFO - Processed 600 documents...
2025-07-21 00:22:37,384 - INFO - Processed 700 documents...
2025-07-21 00:22:37,411 - INFO - Processed 800 documents...
2025-07-21 00:22:37,450 - INFO - Processed 900 documents...
2025-07-21 00:22:37,482 - INFO - Processed 1000 documents...
2025-07-21 00:22:37,529 - INFO - Processed 1100 documents...
2025-07-21 00:22:37,567 - INFO - Processed 1200 documents...
2025-07-21 00:22:37,601 - INFO - Processed 1300 documents...
2025-07-21 00:22:37,645 - INFO - Processed 1400 documents...
2025-07-21 00:22:37,666 - INFO - Processed 1500 documents...
2025-07-21 00:22:37,699 - INFO - Processed 1600 documents...
2025-07-21 00:22:37,728 - INFO - Processed 1700 documents...
2025-07-21 00:22:37,766 - INFO - Processed 1800 documents...
2025-07-21 00:22:37,783 - INFO - Processed 1900 documents...
2025-07-21 00:22:37,811 - INFO - Processed 2000 documents...
2025-07-21 00:22:37,834 - INFO - Processed 2100 documents...
2025-07-21 00:22:37,865 - INFO - Processed 2200 documents...
2025-07-21 00:22:37,884 - INFO - Processed 2300 documents...
2025-07-21 00:22:37,915 - INFO - Processed 2400 documents...
2025-07-21 00:22:37,934 - INFO - Processed 2500 documents...
2025-07-21 00:22:37,963 - INFO - Processed 2600 documents...
2025-07-21 00:22:37,983 - INFO - Processed 2700 documents...
2025-07-21 00:22:37,997 - INFO - Processed 2800 documents...
2025-07-21 00:22:38,029 - INFO - Processed 2900 documents...
2025-07-21 00:22:38,050 - INFO - Processed 3000 documents...
2025-07-21 00:22:38,061 - INFO - Processed 3100 documents...
2025-07-21 00:22:38,094 - INFO - Processed 3200 documents...
2025-07-21 00:22:38,115 - INFO - Processed 3300 documents...
2025-07-21 00:22:38,141 - INFO - Processed 3400 documents...
2025-07-21 00:22:38,166 - INFO - Processed 3500 documents...
2025-07-21 00:22:38,191 - INFO - Processed 3600 documents...
2025-07-21 00:22:38,215 - INFO - Processed 3700 documents...
2025-07-21 00:22:38,232 - INFO - Processed 3800 documents...
2025-07-21 00:22:38,263 - INFO - Processed 3900 documents...
2025-07-21 00:22:38,284 - INFO - Processed 4000 documents...
2025-07-21 00:22:38,314 - INFO - Processed 4100 documents...
2025-07-21 00:22:38,333 - INFO - Processed 4200 documents...
2025-07-21 00:22:38,365 - INFO - Processed 4300 documents...
2025-07-21 00:22:38,383 - INFO - Processed 4400 documents...
2025-07-21 00:22:38,413 - INFO - Processed 4500 documents...
2025-07-21 00:22:38,433 - INFO - Processed 4600 documents...
2025-07-21 00:22:38,461 - INFO - Processed 4700 documents...
2025-07-21 00:22:38,482 - INFO - Processed 4800 documents...
2025-07-21 00:22:38,494 - INFO - Processed 4900 documents...
2025-07-21 00:22:38,532 - INFO - Processed 5000 documents...
2025-07-21 00:22:38,560 - INFO - Processed 5100 documents...
2025-07-21 00:22:38,596 - INFO - Processed 5200 documents...
2025-07-21 00:22:38,628 - INFO - Processed 5300 documents...
2025-07-21 00:22:38,657 - INFO - Processed 5400 documents...
2025-07-21 00:22:38,682 - INFO - Processed 5500 documents...
2025-07-21 00:22:38,709 - INFO - Processed 5600 documents...
2025-07-21 00:22:38,734 - INFO - Processed 5700 documents...
2025-07-21 00:22:38,760 - INFO - Processed 5800 documents...
2025-07-21 00:22:38,792 - INFO - Processed 5900 documents...
2025-07-21 00:22:38,816 - INFO - Processed 6000 documents...
2025-07-21 00:22:39,166 - INFO - Saved DocBin to training/dev.spacy.
2025-07-21 00:22:39,211 - INFO - Loading evaluation CSV file: output/spacy_test_data.csv
2025-07-21 00:22:39,231 - INFO - Loaded 2000 rows from evaluation CSV.
2025-07-21 00:22:39,231 - INFO - Converting stringified label lists to actual lists for evaluation data...
2025-07-21 00:22:39,286 - INFO - Label conversion complete for evaluation data.
2025-07-21 00:22:39,423 - INFO - Converting 2000 records to DocBin and saving to training/test.spacy...
2025-07-21 00:22:39,480 - INFO - Processed 100 documents...
2025-07-21 00:22:39,543 - INFO - Processed 200 documents...
2025-07-21 00:22:39,584 - INFO - Processed 300 documents...
2025-07-21 00:22:39,622 - INFO - Processed 400 documents...
2025-07-21 00:22:39,657 - INFO - Processed 500 documents...
2025-07-21 00:22:39,692 - INFO - Processed 600 documents...
2025-07-21 00:22:39,725 - INFO - Processed 700 documents...
2025-07-21 00:22:39,749 - INFO - Processed 800 documents...
2025-07-21 00:22:39,782 - INFO - Processed 900 documents...
2025-07-21 00:22:39,812 - INFO - Processed 1000 documents...
2025-07-21 00:22:39,833 - INFO - Processed 1100 documents...
2025-07-21 00:22:39,866 - INFO - Processed 1200 documents...
2025-07-21 00:22:39,899 - INFO - Processed 1300 documents...
2025-07-21 00:22:39,926 - INFO - Processed 1400 documents...
2025-07-21 00:22:39,959 - INFO - Processed 1500 documents...
2025-07-21 00:22:39,982 - INFO - Processed 1600 documents...
2025-07-21 00:22:40,011 - INFO - Processed 1700 documents...
2025-07-21 00:22:40,031 - INFO - Processed 1800 documents...
2025-07-21 00:22:40,064 - INFO - Processed 1900 documents...
2025-07-21 00:22:40,091 - INFO - Processed 2000 documents...
2025-07-21 00:22:40,206 - INFO - Saved DocBin to training/test.spacy.
2025-07-21 00:22:40,206 - INFO - Evaluation data saved to training/test.spacy.
